<?xml version="1.0" encoding="UTF-8"?>
<coverage generated="1713978237519" clover="3.2.0">
  <project timestamp="1713978237519" name="All files">
    <metrics statements="69" coveredstatements="67" conditionals="22" coveredconditionals="16" methods="28" coveredmethods="26" elements="119" coveredelements="109" complexity="0" loc="69" ncloc="69" packages="2" files="7" classes="7"/>
    <package name="components">
      <metrics statements="68" coveredstatements="66" conditionals="22" coveredconditionals="16" methods="28" coveredmethods="26"/>
      <file name="Body.js" path="C:\Users\naren\OneDrive\Desktop\reactApp_1\src\components\Body.js">
        <metrics statements="24" coveredstatements="23" conditionals="8" coveredconditionals="7" methods="10" coveredmethods="9"/>
        <line num="10" count="1" type="stmt"/>
        <line num="13" count="7" type="stmt"/>
        <line num="16" count="7" type="stmt"/>
        <line num="17" count="7" type="stmt"/>
        <line num="18" count="7" type="stmt"/>
        <line num="20" count="7" type="stmt"/>
        <line num="21" count="2" type="stmt"/>
        <line num="24" count="7" type="stmt"/>
        <line num="27" count="2" type="stmt"/>
        <line num="29" count="2" type="stmt"/>
        <line num="31" count="2" type="stmt"/>
        <line num="32" count="2" type="stmt"/>
        <line num="48" count="7" type="stmt"/>
        <line num="50" count="7" type="cond" truecount="1" falsecount="1"/>
        <line num="52" count="7" type="stmt"/>
        <line num="54" count="7" type="cond" truecount="2" falsecount="0"/>
        <line num="58" count="1" type="stmt"/>
        <line num="59" count="1" type="stmt"/>
        <line num="63" count="9" type="stmt"/>
        <line num="64" count="1" type="stmt"/>
        <line num="74" count="9" type="stmt"/>
        <line num="76" count="1" type="stmt"/>
        <line num="85" count="0" type="stmt"/>
        <line num="94" count="33" type="stmt"/>
      </file>
      <file name="Cart.js" path="C:\Users\naren\OneDrive\Desktop\reactApp_1\src\components\Cart.js">
        <metrics statements="6" coveredstatements="6" conditionals="2" coveredconditionals="2" methods="3" coveredmethods="3"/>
        <line num="7" count="1" type="stmt"/>
        <line num="9" count="8" type="stmt"/>
        <line num="10" count="4" type="stmt"/>
        <line num="11" count="4" type="stmt"/>
        <line num="12" count="1" type="stmt"/>
        <line num="14" count="4" type="stmt"/>
      </file>
      <file name="Header.js" path="C:\Users\naren\OneDrive\Desktop\reactApp_1\src\components\Header.js">
        <metrics statements="9" coveredstatements="8" conditionals="4" coveredconditionals="1" methods="4" coveredmethods="3"/>
        <line num="7" count="1" type="stmt"/>
        <line num="9" count="4" type="stmt"/>
        <line num="11" count="4" type="stmt"/>
        <line num="13" count="4" type="stmt"/>
        <line num="16" count="8" type="stmt"/>
        <line num="17" count="4" type="stmt"/>
        <line num="19" count="4" type="stmt"/>
        <line num="20" count="4" type="stmt"/>
        <line num="39" count="0" type="cond" truecount="0" falsecount="2"/>
      </file>
      <file name="ItemList.js" path="C:\Users\naren\OneDrive\Desktop\reactApp_1\src\components\ItemList.js">
        <metrics statements="8" coveredstatements="8" conditionals="2" coveredconditionals="1" methods="4" coveredmethods="4"/>
        <line num="7" count="1" type="stmt"/>
        <line num="8" count="6" type="stmt"/>
        <line num="10" count="6" type="stmt"/>
        <line num="12" count="6" type="stmt"/>
        <line num="14" count="2" type="stmt"/>
        <line num="16" count="6" type="stmt"/>
        <line num="19" count="28" type="stmt"/>
        <line num="33" count="2" type="stmt"/>
      </file>
      <file name="RestaurantCard.js" path="C:\Users\naren\OneDrive\Desktop\reactApp_1\src\components\RestaurantCard.js">
        <metrics statements="8" coveredstatements="8" conditionals="0" coveredconditionals="0" methods="3" coveredmethods="3"/>
        <line num="5" count="2" type="stmt"/>
        <line num="7" count="35" type="stmt"/>
        <line num="9" count="35" type="stmt"/>
        <line num="10" count="35" type="stmt"/>
        <line num="11" count="35" type="stmt"/>
        <line num="30" count="2" type="stmt"/>
        <line num="31" count="8" type="stmt"/>
        <line num="32" count="8" type="stmt"/>
      </file>
      <file name="RestaurantMenu.js" path="C:\Users\naren\OneDrive\Desktop\reactApp_1\src\components\RestaurantMenu.js">
        <metrics statements="13" coveredstatements="13" conditionals="6" coveredconditionals="5" methods="4" coveredmethods="4"/>
        <line num="9" count="1" type="stmt"/>
        <line num="11" count="3" type="stmt"/>
        <line num="14" count="3" type="stmt"/>
        <line num="15" count="3" type="stmt"/>
        <line num="16" count="3" type="stmt"/>
        <line num="21" count="3" type="cond" truecount="2" falsecount="0"/>
        <line num="24" count="2" type="cond" truecount="1" falsecount="1"/>
        <line num="28" count="2" type="stmt"/>
        <line num="33" count="2" type="stmt"/>
        <line num="34" count="22" type="stmt"/>
        <line num="42" count="2" type="stmt"/>
        <line num="47" count="14" type="stmt"/>
        <line num="52" count="1" type="stmt"/>
      </file>
    </package>
    <package name="utils">
      <metrics statements="1" coveredstatements="1" conditionals="0" coveredconditionals="0" methods="0" coveredmethods="0"/>
      <file name="appStore.js" path="C:\Users\naren\OneDrive\Desktop\reactApp_1\src\utils\appStore.js">
        <metrics statements="1" coveredstatements="1" conditionals="0" coveredconditionals="0" methods="0" coveredmethods="0"/>
        <line num="4" count="1" type="stmt"/>
      </file>
    </package>
  </project>
</coverage>
