{"C:\\Users\\naren\\OneDrive\\Desktop\\reactApp_1\\src\\components\\Contact.js": {"path":"C:\\Users\\naren\\OneDrive\\Desktop\\reactApp_1\\src\\components\\Contact.js","statementMap":{"0":{"start":{"line":4,"column":16},"end":{"line":19,"column":1}},"1":{"start":{"line":5,"column":2},"end":{"line":18,"column":4}}},"fnMap":{"0":{"name":"(anonymous_0)","decl":{"start":{"line":4,"column":16},"end":{"line":4,"column":17}},"loc":{"start":{"line":4,"column":22},"end":{"line":19,"column":1}},"line":4}},"branchMap":{},"s":{"0":1,"1":4},"f":{"0":4},"b":{},"_coverageSchema":"1a1c01bbd47fc00a2c39e90264f33305004495a9","hash":"d5d3f05e787394242c917bf7826134718e934322"}
,"C:\\Users\\naren\\OneDrive\\Desktop\\reactApp_1\\src\\components\\Header.js": {"path":"C:\\Users\\naren\\OneDrive\\Desktop\\reactApp_1\\src\\components\\Header.js","statementMap":{"0":{"start":{"line":7,"column":14},"end":{"line":48,"column":1}},"1":{"start":{"line":9,"column":44},"end":{"line":9,"column":61}},"2":{"start":{"line":11,"column":25},"end":{"line":11,"column":42}},"3":{"start":{"line":13,"column":27},"end":{"line":13,"column":50}},"4":{"start":{"line":16,"column":22},"end":{"line":16,"column":62}},"5":{"start":{"line":16,"column":45},"end":{"line":16,"column":61}},"6":{"start":{"line":17,"column":4},"end":{"line":17,"column":27}},"7":{"start":{"line":19,"column":4},"end":{"line":19,"column":37}},"8":{"start":{"line":20,"column":4},"end":{"line":47,"column":5}},"9":{"start":{"line":39,"column":24},"end":{"line":39,"column":102}}},"fnMap":{"0":{"name":"(anonymous_0)","decl":{"start":{"line":7,"column":14},"end":{"line":7,"column":15}},"loc":{"start":{"line":7,"column":20},"end":{"line":48,"column":1}},"line":7},"1":{"name":"(anonymous_1)","decl":{"start":{"line":16,"column":34},"end":{"line":16,"column":35}},"loc":{"start":{"line":16,"column":45},"end":{"line":16,"column":61}},"line":16},"2":{"name":"(anonymous_2)","decl":{"start":{"line":19,"column":14},"end":{"line":19,"column":15}},"loc":{"start":{"line":19,"column":18},"end":{"line":19,"column":20}},"line":19},"3":{"name":"(anonymous_3)","decl":{"start":{"line":38,"column":29},"end":{"line":38,"column":30}},"loc":{"start":{"line":38,"column":33},"end":{"line":40,"column":21}},"line":38}},"branchMap":{"0":{"loc":{"start":{"line":31,"column":56},"end":{"line":31,"column":79}},"type":"cond-expr","locations":[{"start":{"line":31,"column":71},"end":{"line":31,"column":74}},{"start":{"line":31,"column":75},"end":{"line":31,"column":79}}],"line":31},"1":{"loc":{"start":{"line":39,"column":24},"end":{"line":39,"column":101}},"type":"cond-expr","locations":[{"start":{"line":39,"column":51},"end":{"line":39,"column":76}},{"start":{"line":39,"column":77},"end":{"line":39,"column":101}}],"line":39}},"s":{"0":1,"1":4,"2":4,"3":4,"4":4,"5":7,"6":4,"7":4,"8":4,"9":1},"f":{"0":4,"1":7,"2":4,"3":1},"b":{"0":[4,0],"1":[1,0]},"_coverageSchema":"1a1c01bbd47fc00a2c39e90264f33305004495a9","hash":"c21a8a205b9e1ec5050298aa05f8b82ff09afef2"}
,"C:\\Users\\naren\\OneDrive\\Desktop\\reactApp_1\\src\\components\\RestaurantCard.js": {"path":"C:\\Users\\naren\\OneDrive\\Desktop\\reactApp_1\\src\\components\\RestaurantCard.js","statementMap":{"0":{"start":{"line":5,"column":23},"end":{"line":25,"column":1}},"1":{"start":{"line":7,"column":22},"end":{"line":7,"column":27}},"2":{"start":{"line":9,"column":27},"end":{"line":9,"column":50}},"3":{"start":{"line":10,"column":73},"end":{"line":10,"column":86}},"4":{"start":{"line":11,"column":4},"end":{"line":23,"column":6}},"5":{"start":{"line":30,"column":33},"end":{"line":39,"column":1}},"6":{"start":{"line":31,"column":4},"end":{"line":38,"column":6}},"7":{"start":{"line":32,"column":8},"end":{"line":37,"column":10}}},"fnMap":{"0":{"name":"(anonymous_0)","decl":{"start":{"line":5,"column":23},"end":{"line":5,"column":24}},"loc":{"start":{"line":5,"column":34},"end":{"line":25,"column":1}},"line":5},"1":{"name":"(anonymous_1)","decl":{"start":{"line":30,"column":33},"end":{"line":30,"column":34}},"loc":{"start":{"line":30,"column":53},"end":{"line":39,"column":1}},"line":30},"2":{"name":"(anonymous_2)","decl":{"start":{"line":31,"column":11},"end":{"line":31,"column":12}},"loc":{"start":{"line":31,"column":22},"end":{"line":38,"column":5}},"line":31}},"branchMap":{},"s":{"0":1,"1":2,"2":2,"3":2,"4":2,"5":1,"6":1,"7":1},"f":{"0":2,"1":1,"2":1},"b":{},"_coverageSchema":"1a1c01bbd47fc00a2c39e90264f33305004495a9","hash":"fe6e8bc8989fe16b1b61942442d4df2d80822021"}
,"C:\\Users\\naren\\OneDrive\\Desktop\\reactApp_1\\src\\components\\sum.js": {"path":"C:\\Users\\naren\\OneDrive\\Desktop\\reactApp_1\\src\\components\\sum.js","statementMap":{"0":{"start":{"line":1,"column":19},"end":{"line":3,"column":1}},"1":{"start":{"line":2,"column":4},"end":{"line":2,"column":17}}},"fnMap":{"0":{"name":"(anonymous_0)","decl":{"start":{"line":1,"column":19},"end":{"line":1,"column":20}},"loc":{"start":{"line":1,"column":28},"end":{"line":3,"column":1}},"line":1}},"branchMap":{},"s":{"0":1,"1":1},"f":{"0":1},"b":{},"_coverageSchema":"1a1c01bbd47fc00a2c39e90264f33305004495a9","hash":"39840f63bf29e3176103a85932ff8661dc6ad072"}
,"C:\\Users\\naren\\OneDrive\\Desktop\\reactApp_1\\src\\utils\\UserContext.js": {"path":"C:\\Users\\naren\\OneDrive\\Desktop\\reactApp_1\\src\\utils\\UserContext.js","statementMap":{"0":{"start":{"line":3,"column":20},"end":{"line":5,"column":2}}},"fnMap":{},"branchMap":{},"s":{"0":2},"f":{},"b":{},"_coverageSchema":"1a1c01bbd47fc00a2c39e90264f33305004495a9","hash":"b7f01e1ede9a89bbb098a40bec3f81c4047c4cce"}
,"C:\\Users\\naren\\OneDrive\\Desktop\\reactApp_1\\src\\utils\\appStore.js": {"path":"C:\\Users\\naren\\OneDrive\\Desktop\\reactApp_1\\src\\utils\\appStore.js","statementMap":{"0":{"start":{"line":4,"column":17},"end":{"line":10,"column":2}}},"fnMap":{},"branchMap":{},"s":{"0":1},"f":{},"b":{},"_coverageSchema":"1a1c01bbd47fc00a2c39e90264f33305004495a9","hash":"91cfffb8629a2e289b19209eb0edb30cb889ea73"}
,"C:\\Users\\naren\\OneDrive\\Desktop\\reactApp_1\\src\\utils\\cartSlice.js": {"path":"C:\\Users\\naren\\OneDrive\\Desktop\\reactApp_1\\src\\utils\\cartSlice.js","statementMap":{"0":{"start":{"line":4,"column":18},"end":{"line":23,"column":2}},"1":{"start":{"line":13,"column":12},"end":{"line":13,"column":45}},"2":{"start":{"line":16,"column":12},"end":{"line":16,"column":30}},"3":{"start":{"line":19,"column":12},"end":{"line":19,"column":35}},"4":{"start":{"line":25,"column":48},"end":{"line":25,"column":65}}},"fnMap":{"0":{"name":"(anonymous_0)","decl":{"start":{"line":11,"column":17},"end":{"line":11,"column":18}},"loc":{"start":{"line":11,"column":36},"end":{"line":14,"column":9}},"line":11},"1":{"name":"(anonymous_1)","decl":{"start":{"line":15,"column":20},"end":{"line":15,"column":21}},"loc":{"start":{"line":15,"column":38},"end":{"line":17,"column":9}},"line":15},"2":{"name":"(anonymous_2)","decl":{"start":{"line":18,"column":19},"end":{"line":18,"column":20}},"loc":{"start":{"line":18,"column":37},"end":{"line":21,"column":9}},"line":18}},"branchMap":{},"s":{"0":1,"1":0,"2":0,"3":0,"4":1},"f":{"0":0,"1":0,"2":0},"b":{},"_coverageSchema":"1a1c01bbd47fc00a2c39e90264f33305004495a9","hash":"7e1712ed2526da900d9012f7fbda1a73a8ec3f49"}
,"C:\\Users\\naren\\OneDrive\\Desktop\\reactApp_1\\src\\utils\\constants.js": {"path":"C:\\Users\\naren\\OneDrive\\Desktop\\reactApp_1\\src\\utils\\constants.js","statementMap":{"0":{"start":{"line":1,"column":23},"end":{"line":1,"column":106}},"1":{"start":{"line":4,"column":24},"end":{"line":4,"column":112}},"2":{"start":{"line":6,"column":24},"end":{"line":6,"column":147}}},"fnMap":{},"branchMap":{},"s":{"0":2,"1":2,"2":2},"f":{},"b":{},"_coverageSchema":"1a1c01bbd47fc00a2c39e90264f33305004495a9","hash":"0b843537f12935416a8865f2d1eeb69b2c8cd87b"}
,"C:\\Users\\naren\\OneDrive\\Desktop\\reactApp_1\\src\\utils\\useOnlineStatus.js": {"path":"C:\\Users\\naren\\OneDrive\\Desktop\\reactApp_1\\src\\utils\\useOnlineStatus.js","statementMap":{"0":{"start":{"line":3,"column":24},"end":{"line":18,"column":1}},"1":{"start":{"line":5,"column":44},"end":{"line":5,"column":58}},"2":{"start":{"line":7,"column":4},"end":{"line":15,"column":10}},"3":{"start":{"line":8,"column":8},"end":{"line":10,"column":11}},"4":{"start":{"line":9,"column":12},"end":{"line":9,"column":35}},"5":{"start":{"line":12,"column":8},"end":{"line":14,"column":11}},"6":{"start":{"line":13,"column":12},"end":{"line":13,"column":34}},"7":{"start":{"line":17,"column":4},"end":{"line":17,"column":24}}},"fnMap":{"0":{"name":"(anonymous_0)","decl":{"start":{"line":3,"column":24},"end":{"line":3,"column":25}},"loc":{"start":{"line":3,"column":30},"end":{"line":18,"column":1}},"line":3},"1":{"name":"(anonymous_1)","decl":{"start":{"line":7,"column":15},"end":{"line":7,"column":16}},"loc":{"start":{"line":7,"column":19},"end":{"line":15,"column":5}},"line":7},"2":{"name":"(anonymous_2)","decl":{"start":{"line":8,"column":43},"end":{"line":8,"column":44}},"loc":{"start":{"line":8,"column":49},"end":{"line":10,"column":9}},"line":8},"3":{"name":"(anonymous_3)","decl":{"start":{"line":12,"column":42},"end":{"line":12,"column":43}},"loc":{"start":{"line":12,"column":48},"end":{"line":14,"column":9}},"line":12}},"branchMap":{},"s":{"0":1,"1":4,"2":4,"3":3,"4":0,"5":3,"6":0,"7":4},"f":{"0":4,"1":3,"2":0,"3":0},"b":{},"_coverageSchema":"1a1c01bbd47fc00a2c39e90264f33305004495a9","hash":"d3e7623102bef772a92413ff052c64b4bd69cb37"}
}
