{"C:\\Users\\naren\\OneDrive\\Desktop\\reactApp_1\\src\\components\\Body.js": {"path":"C:\\Users\\naren\\OneDrive\\Desktop\\reactApp_1\\src\\components\\Body.js","statementMap":{"0":{"start":{"line":10,"column":13},"end":{"line":108,"column":1}},"1":{"start":{"line":13,"column":50},"end":{"line":13,"column":62}},"2":{"start":{"line":16,"column":56},"end":{"line":16,"column":68}},"3":{"start":{"line":17,"column":40},"end":{"line":17,"column":52}},"4":{"start":{"line":18,"column":35},"end":{"line":18,"column":68}},"5":{"start":{"line":20,"column":4},"end":{"line":22,"column":11}},"6":{"start":{"line":21,"column":8},"end":{"line":21,"column":20}},"7":{"start":{"line":24,"column":18},"end":{"line":35,"column":1}},"8":{"start":{"line":27,"column":17},"end":{"line":27,"column":168}},"9":{"start":{"line":29,"column":17},"end":{"line":29,"column":34}},"10":{"start":{"line":31,"column":4},"end":{"line":31,"column":99}},"11":{"start":{"line":32,"column":4},"end":{"line":32,"column":102}},"12":{"start":{"line":48,"column":21},"end":{"line":48,"column":38}},"13":{"start":{"line":50,"column":0},"end":{"line":50,"column":103}},"14":{"start":{"line":50,"column":27},"end":{"line":50,"column":103}},"15":{"start":{"line":52,"column":35},"end":{"line":52,"column":58}},"16":{"start":{"line":54,"column":4},"end":{"line":107,"column":5}},"17":{"start":{"line":58,"column":149},"end":{"line":58,"column":179}},"18":{"start":{"line":59,"column":20},"end":{"line":59,"column":43}},"19":{"start":{"line":63,"column":55},"end":{"line":63,"column":152}},"20":{"start":{"line":63,"column":89},"end":{"line":63,"column":151}},"21":{"start":{"line":64,"column":28},"end":{"line":64,"column":70}},"22":{"start":{"line":74,"column":41},"end":{"line":74,"column":95}},"23":{"start":{"line":74,"column":72},"end":{"line":74,"column":94}},"24":{"start":{"line":76,"column":20},"end":{"line":76,"column":56}},"25":{"start":{"line":85,"column":39},"end":{"line":85,"column":66}},"26":{"start":{"line":94,"column":56},"end":{"line":103,"column":27}}},"fnMap":{"0":{"name":"(anonymous_0)","decl":{"start":{"line":10,"column":13},"end":{"line":10,"column":14}},"loc":{"start":{"line":10,"column":19},"end":{"line":108,"column":1}},"line":10},"1":{"name":"(anonymous_1)","decl":{"start":{"line":20,"column":14},"end":{"line":20,"column":15}},"loc":{"start":{"line":20,"column":19},"end":{"line":22,"column":5}},"line":20},"2":{"name":"(anonymous_2)","decl":{"start":{"line":24,"column":18},"end":{"line":24,"column":19}},"loc":{"start":{"line":24,"column":30},"end":{"line":35,"column":1}},"line":24},"3":{"name":"(anonymous_3)","decl":{"start":{"line":58,"column":142},"end":{"line":58,"column":143}},"loc":{"start":{"line":58,"column":148},"end":{"line":59,"column":44}},"line":58},"4":{"name":"(anonymous_4)","decl":{"start":{"line":60,"column":92},"end":{"line":60,"column":93}},"loc":{"start":{"line":60,"column":97},"end":{"line":66,"column":25}},"line":60},"5":{"name":"(anonymous_5)","decl":{"start":{"line":63,"column":80},"end":{"line":63,"column":81}},"loc":{"start":{"line":63,"column":89},"end":{"line":63,"column":151}},"line":63},"6":{"name":"(anonymous_6)","decl":{"start":{"line":72,"column":79},"end":{"line":72,"column":80}},"loc":{"start":{"line":72,"column":83},"end":{"line":78,"column":21}},"line":72},"7":{"name":"(anonymous_7)","decl":{"start":{"line":74,"column":66},"end":{"line":74,"column":67}},"loc":{"start":{"line":74,"column":72},"end":{"line":74,"column":94}},"line":74},"8":{"name":"(anonymous_8)","decl":{"start":{"line":85,"column":32},"end":{"line":85,"column":33}},"loc":{"start":{"line":85,"column":39},"end":{"line":85,"column":66}},"line":85},"9":{"name":"(anonymous_9)","decl":{"start":{"line":94,"column":39},"end":{"line":94,"column":40}},"loc":{"start":{"line":94,"column":56},"end":{"line":103,"column":27}},"line":94}},"branchMap":{"0":{"loc":{"start":{"line":50,"column":0},"end":{"line":50,"column":103}},"type":"if","locations":[{"start":{"line":50,"column":0},"end":{"line":50,"column":103}},{"start":{},"end":{}}],"line":50},"1":{"loc":{"start":{"line":54,"column":11},"end":{"line":107,"column":5}},"type":"cond-expr","locations":[{"start":{"line":54,"column":44},"end":{"line":54,"column":55}},{"start":{"line":55,"column":8},"end":{"line":106,"column":14}}],"line":54},"2":{"loc":{"start":{"line":98,"column":21},"end":{"line":98,"column":199}},"type":"cond-expr","locations":[{"start":{"line":98,"column":110},"end":{"line":98,"column":156}},{"start":{"line":98,"column":159},"end":{"line":98,"column":199}}],"line":98},"3":{"loc":{"start":{"line":98,"column":21},"end":{"line":98,"column":107}},"type":"binary-expr","locations":[{"start":{"line":98,"column":21},"end":{"line":98,"column":45}},{"start":{"line":98,"column":49},"end":{"line":98,"column":107}}],"line":98}},"s":{"0":1,"1":7,"2":7,"3":7,"4":7,"5":7,"6":2,"7":7,"8":2,"9":2,"10":2,"11":2,"12":7,"13":7,"14":0,"15":7,"16":7,"17":1,"18":1,"19":1,"20":9,"21":1,"22":1,"23":9,"24":1,"25":0,"26":33},"f":{"0":7,"1":2,"2":2,"3":1,"4":1,"5":9,"6":1,"7":9,"8":0,"9":33},"b":{"0":[0,7],"1":[2,5],"2":[7,26],"3":[33,29]},"_coverageSchema":"1a1c01bbd47fc00a2c39e90264f33305004495a9","hash":"6474d129745db692c2563dbbdc44e16bafe330aa"}
,"C:\\Users\\naren\\OneDrive\\Desktop\\reactApp_1\\src\\components\\Cart.js": {"path":"C:\\Users\\naren\\OneDrive\\Desktop\\reactApp_1\\src\\components\\Cart.js","statementMap":{"0":{"start":{"line":7,"column":13},"end":{"line":24,"column":1}},"1":{"start":{"line":9,"column":22},"end":{"line":9,"column":60}},"2":{"start":{"line":9,"column":43},"end":{"line":9,"column":59}},"3":{"start":{"line":10,"column":21},"end":{"line":10,"column":34}},"4":{"start":{"line":11,"column":28},"end":{"line":13,"column":5}},"5":{"start":{"line":12,"column":8},"end":{"line":12,"column":30}},"6":{"start":{"line":14,"column":4},"end":{"line":23,"column":14}}},"fnMap":{"0":{"name":"(anonymous_0)","decl":{"start":{"line":7,"column":13},"end":{"line":7,"column":14}},"loc":{"start":{"line":7,"column":19},"end":{"line":24,"column":1}},"line":7},"1":{"name":"(anonymous_1)","decl":{"start":{"line":9,"column":34},"end":{"line":9,"column":35}},"loc":{"start":{"line":9,"column":43},"end":{"line":9,"column":59}},"line":9},"2":{"name":"(anonymous_2)","decl":{"start":{"line":11,"column":28},"end":{"line":11,"column":29}},"loc":{"start":{"line":11,"column":34},"end":{"line":13,"column":5}},"line":11}},"branchMap":{"0":{"loc":{"start":{"line":20,"column":17},"end":{"line":20,"column":94}},"type":"binary-expr","locations":[{"start":{"line":20,"column":17},"end":{"line":20,"column":39}},{"start":{"line":20,"column":44},"end":{"line":20,"column":93}}],"line":20}},"s":{"0":1,"1":4,"2":8,"3":4,"4":4,"5":1,"6":4},"f":{"0":4,"1":8,"2":1},"b":{"0":[4,2]},"_coverageSchema":"1a1c01bbd47fc00a2c39e90264f33305004495a9","hash":"66c7414a24b36f5946c534c2a0a91ac2f4cc81bf"}
,"C:\\Users\\naren\\OneDrive\\Desktop\\reactApp_1\\src\\components\\Header.js": {"path":"C:\\Users\\naren\\OneDrive\\Desktop\\reactApp_1\\src\\components\\Header.js","statementMap":{"0":{"start":{"line":7,"column":14},"end":{"line":48,"column":1}},"1":{"start":{"line":9,"column":44},"end":{"line":9,"column":61}},"2":{"start":{"line":11,"column":25},"end":{"line":11,"column":42}},"3":{"start":{"line":13,"column":27},"end":{"line":13,"column":50}},"4":{"start":{"line":16,"column":22},"end":{"line":16,"column":62}},"5":{"start":{"line":16,"column":45},"end":{"line":16,"column":61}},"6":{"start":{"line":17,"column":4},"end":{"line":17,"column":27}},"7":{"start":{"line":19,"column":4},"end":{"line":19,"column":37}},"8":{"start":{"line":20,"column":4},"end":{"line":47,"column":5}},"9":{"start":{"line":39,"column":24},"end":{"line":39,"column":102}}},"fnMap":{"0":{"name":"(anonymous_0)","decl":{"start":{"line":7,"column":14},"end":{"line":7,"column":15}},"loc":{"start":{"line":7,"column":20},"end":{"line":48,"column":1}},"line":7},"1":{"name":"(anonymous_1)","decl":{"start":{"line":16,"column":34},"end":{"line":16,"column":35}},"loc":{"start":{"line":16,"column":45},"end":{"line":16,"column":61}},"line":16},"2":{"name":"(anonymous_2)","decl":{"start":{"line":19,"column":14},"end":{"line":19,"column":15}},"loc":{"start":{"line":19,"column":18},"end":{"line":19,"column":20}},"line":19},"3":{"name":"(anonymous_3)","decl":{"start":{"line":38,"column":29},"end":{"line":38,"column":30}},"loc":{"start":{"line":38,"column":33},"end":{"line":40,"column":21}},"line":38}},"branchMap":{"0":{"loc":{"start":{"line":31,"column":56},"end":{"line":31,"column":79}},"type":"cond-expr","locations":[{"start":{"line":31,"column":71},"end":{"line":31,"column":74}},{"start":{"line":31,"column":75},"end":{"line":31,"column":79}}],"line":31},"1":{"loc":{"start":{"line":39,"column":24},"end":{"line":39,"column":101}},"type":"cond-expr","locations":[{"start":{"line":39,"column":51},"end":{"line":39,"column":76}},{"start":{"line":39,"column":77},"end":{"line":39,"column":101}}],"line":39}},"s":{"0":1,"1":4,"2":4,"3":4,"4":4,"5":8,"6":4,"7":4,"8":4,"9":0},"f":{"0":4,"1":8,"2":1,"3":0},"b":{"0":[4,0],"1":[0,0]},"_coverageSchema":"1a1c01bbd47fc00a2c39e90264f33305004495a9","hash":"c21a8a205b9e1ec5050298aa05f8b82ff09afef2"}
,"C:\\Users\\naren\\OneDrive\\Desktop\\reactApp_1\\src\\components\\ItemList.js": {"path":"C:\\Users\\naren\\OneDrive\\Desktop\\reactApp_1\\src\\components\\ItemList.js","statementMap":{"0":{"start":{"line":7,"column":17},"end":{"line":42,"column":1}},"1":{"start":{"line":8,"column":21},"end":{"line":8,"column":26}},"2":{"start":{"line":10,"column":21},"end":{"line":10,"column":34}},"3":{"start":{"line":12,"column":26},"end":{"line":15,"column":5}},"4":{"start":{"line":14,"column":8},"end":{"line":14,"column":32}},"5":{"start":{"line":16,"column":4},"end":{"line":41,"column":6}},"6":{"start":{"line":19,"column":16},"end":{"line":38,"column":22}},"7":{"start":{"line":33,"column":38},"end":{"line":33,"column":57}}},"fnMap":{"0":{"name":"(anonymous_0)","decl":{"start":{"line":7,"column":17},"end":{"line":7,"column":18}},"loc":{"start":{"line":7,"column":36},"end":{"line":42,"column":1}},"line":7},"1":{"name":"(anonymous_1)","decl":{"start":{"line":12,"column":26},"end":{"line":12,"column":27}},"loc":{"start":{"line":12,"column":36},"end":{"line":15,"column":5}},"line":12},"2":{"name":"(anonymous_2)","decl":{"start":{"line":18,"column":26},"end":{"line":18,"column":27}},"loc":{"start":{"line":19,"column":16},"end":{"line":38,"column":22}},"line":19},"3":{"name":"(anonymous_3)","decl":{"start":{"line":33,"column":33},"end":{"line":33,"column":34}},"loc":{"start":{"line":33,"column":38},"end":{"line":33,"column":57}},"line":33}},"branchMap":{"0":{"loc":{"start":{"line":24,"column":37},"end":{"line":24,"column":118}},"type":"cond-expr","locations":[{"start":{"line":24,"column":60},"end":{"line":24,"column":84}},{"start":{"line":24,"column":87},"end":{"line":24,"column":118}}],"line":24}},"s":{"0":1,"1":6,"2":6,"3":6,"4":2,"5":6,"6":28,"7":2},"f":{"0":6,"1":2,"2":28,"3":2},"b":{"0":[28,0]},"_coverageSchema":"1a1c01bbd47fc00a2c39e90264f33305004495a9","hash":"fee8104225d396fe65de3a3350165da7eb8feb74"}
,"C:\\Users\\naren\\OneDrive\\Desktop\\reactApp_1\\src\\components\\RestaurantCard.js": {"path":"C:\\Users\\naren\\OneDrive\\Desktop\\reactApp_1\\src\\components\\RestaurantCard.js","statementMap":{"0":{"start":{"line":5,"column":23},"end":{"line":25,"column":1}},"1":{"start":{"line":7,"column":22},"end":{"line":7,"column":27}},"2":{"start":{"line":9,"column":27},"end":{"line":9,"column":50}},"3":{"start":{"line":10,"column":73},"end":{"line":10,"column":86}},"4":{"start":{"line":11,"column":4},"end":{"line":23,"column":6}},"5":{"start":{"line":30,"column":33},"end":{"line":39,"column":1}},"6":{"start":{"line":31,"column":4},"end":{"line":38,"column":6}},"7":{"start":{"line":32,"column":8},"end":{"line":37,"column":10}}},"fnMap":{"0":{"name":"(anonymous_0)","decl":{"start":{"line":5,"column":23},"end":{"line":5,"column":24}},"loc":{"start":{"line":5,"column":34},"end":{"line":25,"column":1}},"line":5},"1":{"name":"(anonymous_1)","decl":{"start":{"line":30,"column":33},"end":{"line":30,"column":34}},"loc":{"start":{"line":30,"column":53},"end":{"line":39,"column":1}},"line":30},"2":{"name":"(anonymous_2)","decl":{"start":{"line":31,"column":11},"end":{"line":31,"column":12}},"loc":{"start":{"line":31,"column":22},"end":{"line":38,"column":5}},"line":31}},"branchMap":{},"s":{"0":2,"1":35,"2":35,"3":35,"4":35,"5":2,"6":8,"7":8},"f":{"0":35,"1":8,"2":8},"b":{},"_coverageSchema":"1a1c01bbd47fc00a2c39e90264f33305004495a9","hash":"fe6e8bc8989fe16b1b61942442d4df2d80822021"}
,"C:\\Users\\naren\\OneDrive\\Desktop\\reactApp_1\\src\\components\\RestaurantMenu.js": {"path":"C:\\Users\\naren\\OneDrive\\Desktop\\reactApp_1\\src\\components\\RestaurantMenu.js","statementMap":{"0":{"start":{"line":9,"column":23},"end":{"line":60,"column":1}},"1":{"start":{"line":11,"column":20},"end":{"line":11,"column":31}},"2":{"start":{"line":14,"column":20},"end":{"line":14,"column":44}},"3":{"start":{"line":15,"column":38},"end":{"line":15,"column":49}},"4":{"start":{"line":16,"column":18},"end":{"line":16,"column":30}},"5":{"start":{"line":21,"column":0},"end":{"line":21,"column":40}},"6":{"start":{"line":21,"column":22},"end":{"line":21,"column":40}},"7":{"start":{"line":24,"column":46},"end":{"line":24,"column":89}},"8":{"start":{"line":28,"column":20},"end":{"line":28,"column":99}},"9":{"start":{"line":33,"column":0},"end":{"line":35,"column":3}},"10":{"start":{"line":34,"column":6},"end":{"line":34,"column":97}},"11":{"start":{"line":42,"column":2},"end":{"line":59,"column":4}},"12":{"start":{"line":47,"column":45},"end":{"line":54,"column":10}},"13":{"start":{"line":52,"column":30},"end":{"line":52,"column":49}}},"fnMap":{"0":{"name":"(anonymous_0)","decl":{"start":{"line":9,"column":23},"end":{"line":9,"column":24}},"loc":{"start":{"line":9,"column":29},"end":{"line":60,"column":1}},"line":9},"1":{"name":"(anonymous_1)","decl":{"start":{"line":34,"column":2},"end":{"line":34,"column":3}},"loc":{"start":{"line":34,"column":6},"end":{"line":34,"column":97}},"line":34},"2":{"name":"(anonymous_2)","decl":{"start":{"line":47,"column":24},"end":{"line":47,"column":25}},"loc":{"start":{"line":47,"column":45},"end":{"line":54,"column":10}},"line":47},"3":{"name":"(anonymous_3)","decl":{"start":{"line":52,"column":24},"end":{"line":52,"column":25}},"loc":{"start":{"line":52,"column":30},"end":{"line":52,"column":49}},"line":52}},"branchMap":{"0":{"loc":{"start":{"line":21,"column":0},"end":{"line":21,"column":40}},"type":"if","locations":[{"start":{"line":21,"column":0},"end":{"line":21,"column":40}},{"start":{},"end":{}}],"line":21},"1":{"loc":{"start":{"line":24,"column":46},"end":{"line":24,"column":89}},"type":"binary-expr","locations":[{"start":{"line":24,"column":46},"end":{"line":24,"column":83}},{"start":{"line":24,"column":87},"end":{"line":24,"column":89}}],"line":24},"2":{"loc":{"start":{"line":51,"column":21},"end":{"line":51,"column":53}},"type":"cond-expr","locations":[{"start":{"line":51,"column":43},"end":{"line":51,"column":47}},{"start":{"line":51,"column":48},"end":{"line":51,"column":53}}],"line":51}},"s":{"0":1,"1":3,"2":3,"3":3,"4":3,"5":3,"6":1,"7":2,"8":2,"9":2,"10":22,"11":2,"12":14,"13":1},"f":{"0":3,"1":22,"2":14,"3":1},"b":{"0":[1,2],"1":[2,0],"2":[2,12]},"_coverageSchema":"1a1c01bbd47fc00a2c39e90264f33305004495a9","hash":"a8862e5efaf8a18a19f4ea6cefdd138e1d23d92a"}
,"C:\\Users\\naren\\OneDrive\\Desktop\\reactApp_1\\src\\utils\\appStore.js": {"path":"C:\\Users\\naren\\OneDrive\\Desktop\\reactApp_1\\src\\utils\\appStore.js","statementMap":{"0":{"start":{"line":4,"column":17},"end":{"line":10,"column":2}}},"fnMap":{},"branchMap":{},"s":{"0":1},"f":{},"b":{},"_coverageSchema":"1a1c01bbd47fc00a2c39e90264f33305004495a9","hash":"91cfffb8629a2e289b19209eb0edb30cb889ea73"}
}
