TN:
SF:src\components\Body.js
FN:10,(anonymous_0)
FN:20,(anonymous_1)
FN:24,(anonymous_2)
FN:58,(anonymous_3)
FN:60,(anonymous_4)
FN:63,(anonymous_5)
FN:72,(anonymous_6)
FN:74,(anonymous_7)
FN:85,(anonymous_8)
FN:94,(anonymous_9)
FNF:10
FNH:9
FNDA:7,(anonymous_0)
FNDA:2,(anonymous_1)
FNDA:2,(anonymous_2)
FNDA:1,(anonymous_3)
FNDA:1,(anonymous_4)
FNDA:9,(anonymous_5)
FNDA:1,(anonymous_6)
FNDA:9,(anonymous_7)
FNDA:0,(anonymous_8)
FNDA:33,(anonymous_9)
DA:10,1
DA:13,7
DA:16,7
DA:17,7
DA:18,7
DA:20,7
DA:21,2
DA:24,7
DA:27,2
DA:29,2
DA:31,2
DA:32,2
DA:48,7
DA:50,7
DA:52,7
DA:54,7
DA:58,1
DA:59,1
DA:63,9
DA:64,1
DA:74,9
DA:76,1
DA:85,0
DA:94,33
LF:24
LH:23
BRDA:50,0,0,0
BRDA:50,0,1,7
BRDA:54,1,0,2
BRDA:54,1,1,5
BRDA:98,2,0,7
BRDA:98,2,1,26
BRDA:98,3,0,33
BRDA:98,3,1,29
BRF:8
BRH:7
end_of_record
TN:
SF:src\components\Cart.js
FN:7,(anonymous_0)
FN:9,(anonymous_1)
FN:11,(anonymous_2)
FNF:3
FNH:3
FNDA:4,(anonymous_0)
FNDA:8,(anonymous_1)
FNDA:1,(anonymous_2)
DA:7,1
DA:9,8
DA:10,4
DA:11,4
DA:12,1
DA:14,4
LF:6
LH:6
BRDA:20,0,0,4
BRDA:20,0,1,2
BRF:2
BRH:2
end_of_record
TN:
SF:src\components\Header.js
FN:7,(anonymous_0)
FN:16,(anonymous_1)
FN:19,(anonymous_2)
FN:38,(anonymous_3)
FNF:4
FNH:3
FNDA:4,(anonymous_0)
FNDA:8,(anonymous_1)
FNDA:1,(anonymous_2)
FNDA:0,(anonymous_3)
DA:7,1
DA:9,4
DA:11,4
DA:13,4
DA:16,8
DA:17,4
DA:19,4
DA:20,4
DA:39,0
LF:9
LH:8
BRDA:31,0,0,4
BRDA:31,0,1,0
BRDA:39,1,0,0
BRDA:39,1,1,0
BRF:4
BRH:1
end_of_record
TN:
SF:src\components\ItemList.js
FN:7,(anonymous_0)
FN:12,(anonymous_1)
FN:18,(anonymous_2)
FN:33,(anonymous_3)
FNF:4
FNH:4
FNDA:6,(anonymous_0)
FNDA:2,(anonymous_1)
FNDA:28,(anonymous_2)
FNDA:2,(anonymous_3)
DA:7,1
DA:8,6
DA:10,6
DA:12,6
DA:14,2
DA:16,6
DA:19,28
DA:33,2
LF:8
LH:8
BRDA:24,0,0,28
BRDA:24,0,1,0
BRF:2
BRH:1
end_of_record
TN:
SF:src\components\RestaurantCard.js
FN:5,(anonymous_0)
FN:30,(anonymous_1)
FN:31,(anonymous_2)
FNF:3
FNH:3
FNDA:35,(anonymous_0)
FNDA:8,(anonymous_1)
FNDA:8,(anonymous_2)
DA:5,2
DA:7,35
DA:9,35
DA:10,35
DA:11,35
DA:30,2
DA:31,8
DA:32,8
LF:8
LH:8
BRF:0
BRH:0
end_of_record
TN:
SF:src\components\RestaurantMenu.js
FN:9,(anonymous_0)
FN:34,(anonymous_1)
FN:47,(anonymous_2)
FN:52,(anonymous_3)
FNF:4
FNH:4
FNDA:3,(anonymous_0)
FNDA:22,(anonymous_1)
FNDA:14,(anonymous_2)
FNDA:1,(anonymous_3)
DA:9,1
DA:11,3
DA:14,3
DA:15,3
DA:16,3
DA:21,3
DA:24,2
DA:28,2
DA:33,2
DA:34,22
DA:42,2
DA:47,14
DA:52,1
LF:13
LH:13
BRDA:21,0,0,1
BRDA:21,0,1,2
BRDA:24,1,0,2
BRDA:24,1,1,0
BRDA:51,2,0,2
BRDA:51,2,1,12
BRF:6
BRH:5
end_of_record
TN:
SF:src\utils\appStore.js
FNF:0
FNH:0
DA:4,1
LF:1
LH:1
BRF:0
BRH:0
end_of_record
